<?xml version="1.0" encoding="UTF-8"?>
<!-- Generated by org.testng.reporters.JUnitReportReporter -->
<testsuite hostname="praveen" name="ERP.aERP_SchedulesAdd" tests="1" failures="0" timestamp="30 Aug 2014 13:29:49 GMT" time="70.410" errors="0">
  <testcase name="LOAwork" time="70.410" classname="ERP.aERP_SchedulesAdd"/>
</testsuite> <!-- ERP.aERP_SchedulesAdd -->
