<?xml version="1.0" encoding="UTF-8"?>
<!-- Generated by org.testng.reporters.JUnitReportReporter -->
<testsuite hostname="praveen" name="ERP2.ERP_AddMat2Schedules" tests="1" failures="0" timestamp="18 Sep 2014 02:38:08 GMT" time="88.619" errors="0">
  <testcase name="LOAwork" time="88.619" classname="ERP2.ERP_AddMat2Schedules"/>
</testsuite> <!-- ERP2.ERP_AddMat2Schedules -->
