<?xml version="1.0" encoding="UTF-8"?>
<!-- Generated by org.testng.reporters.JUnitReportReporter -->
<testsuite hostname="praveen" name="RandD.Babynames2" tests="1" failures="0" timestamp="27 Jul 2014 10:07:42 GMT" time="96.233" errors="0">
  <testcase name="addAssessments" time="96.233" classname="RandD.Babynames2"/>
</testsuite> <!-- RandD.Babynames2 -->
