<?xml version="1.0" encoding="UTF-8"?>
<!-- Generated by org.testng.reporters.JUnitReportReporter -->
<testsuite hostname="praveen" name="ERP2.ERP_Add_All_Schedules" tests="1" failures="0" timestamp="14 Sep 2014 12:14:39 GMT" time="152.288" errors="0">
  <testcase name="LOAwork" time="152.288" classname="ERP2.ERP_Add_All_Schedules"/>
</testsuite> <!-- ERP2.ERP_Add_All_Schedules -->
