<?xml version="1.0" encoding="UTF-8"?>
<!-- Generated by org.testng.reporters.JUnitReportReporter -->
<testsuite hostname="praveen" name="course.C11_Add_Questions_QT" tests="1" failures="1" timestamp="14 Sep 2014 09:40:15 GMT" time="52.383" errors="0">
  <testcase name="QTaddQuestions" time="52.383" classname="course.C11_Add_Questions_QT">
    <failure type="org.openqa.selenium.WebDriverException" message="Failed to connect to binary FirefoxBinary(C:\Program Files (x86)\Mozilla Firefox\firefox.exe) on port 7055; process output follows: 
ate [{&quot;name&quot;:&quot;app-global&quot;,&quot;addons&quot;:{&quot;{972ce4c6-7e08-4474-a285-3208198ce6fd}&quot;:{&quot;descriptor&quot;:&quot;C:\\Program Files (x86)\\Mozilla Firefox\\browser\\extensions\\{972ce4c6-7e08-4474-a285-3208198ce6fd}&quot;,&quot;mtime&quot;:1410686223160,&quot;rdfTime&quot;:1410686222504}}},{&quot;name&quot;:&quot;winreg-app-user&quot;,&quot;addons&quot;:{&quot;mozilla_cc@internetdownloadmanager.com&quot;:{&quot;descriptor&quot;:&quot;C:\\Users\\pravin7may\\AppData\\Roaming\\IDM\\idmmzcc5&quot;,&quot;mtime&quot;:1392220725799,&quot;rdfTime&quot;:1385874726467}}},{&quot;name&quot;:&quot;app-profile&quot;,&quot;addons&quot;:{&quot;fxdriver@googlecode.com&quot;:{&quot;descriptor&quot;:&quot;C:\\Users\\PRAVIN~1\\AppData\\Local\\Temp\\anonymous3721054663611233078webdriver-profile\\extensions\\fxdriver@googlecode.com&quot;,&quot;mtime&quot;:1410687565302,&quot;rdfTime&quot;:1410687565224}}}]
1410687565971	addons.xpi-utils	DEBUG	Opening XPI database C:\Users\PRAVIN~1\AppData\Local\Temp\anonymous3721054663611233078webdriver-profile\extensions.json
1410687565976	addons.xpi	DEBUG	New add-on fxdriver@googlecode.com installed in app-profile
*** Blocklist::_loadBlocklistFromFile: blocklist is disabled
1410687566141	addons.xpi-utils	DEBUG	Make addon app-profile:fxdriver@googlecode.com visible
1410687566147	DeferredSave.extensions.json	DEBUG	Save changes
1410687566148	DeferredSave.extensions.json	DEBUG	Save changes
1410687566149	addons.xpi	DEBUG	New add-on mozilla_cc@internetdownloadmanager.com installed in winreg-app-user
1410687566174	addons.xpi-utils	DEBUG	Make addon winreg-app-user:mozilla_cc@internetdownloadmanager.com visible
1410687566175	DeferredSave.extensions.json	DEBUG	Save changes
1410687566176	DeferredSave.extensions.json	DEBUG	Save changes
1410687566177	addons.xpi	DEBUG	New add-on {972ce4c6-7e08-4474-a285-3208198ce6fd} installed in app-global
1410687566186	addons.xpi-utils	DEBUG	Make addon app-global:{972ce4c6-7e08-4474-a285-3208198ce6fd} visible
1410687566186	DeferredSave.extensions.json	DEBUG	Save changes
1410687566187	DeferredSave.extensions.json	DEBUG	Save changes
1410687566245	addons.xpi	DEBUG	Updating database with changes to installed add-ons
1410687566245	addons.xpi-utils	DEBUG	Updating add-on states
1410687566250	addons.xpi-utils	DEBUG	Writing add-ons list
1410687567564	DeferredSave.extensions.json	DEBUG	Starting timer
1410687567630	addons.manager	DEBUG	shutdown
1410687567637	DeferredSave.extensions.json	DEBUG	Starting write
1410687567637	addons.xpi	DEBUG	shutdown
1410687567638	addons.xpi-utils	DEBUG	shutdown
1410687567783	DeferredSave.extensions.json	DEBUG	Write succeeded
1410687567783	addons.xpi-utils	DEBUG	XPI Database saved, setting schema version preference to 16
1410687567784	addons.xpi	DEBUG	Notifying XPI shutdown observers
1410687567790	addons.manager	DEBUG	Async provider shutdown done
1410687568978	addons.manager	DEBUG	Loaded provider scope for resource://gre/modules/addons/XPIProvider.jsm: [&quot;XPIProvider&quot;]
1410687568982	addons.manager	DEBUG	Loaded provider scope for resource://gre/modules/LightweightThemeManager.jsm: [&quot;LightweightThemeManager&quot;]
1410687568986	addons.xpi	DEBUG	startup
1410687568987	addons.xpi	DEBUG	Skipping unavailable install location app-system-local
1410687568988	addons.xpi	DEBUG	Skipping unavailable install location app-system-share
1410687568989	addons.xpi	INFO	Mapping {972ce4c6-7e08-4474-a285-3208198ce6fd} to C:\Program Files (x86)\Mozilla Firefox\browser\extensions\{972ce4c6-7e08-4474-a285-3208198ce6fd}
1410687568990	addons.xpi	INFO	Mapping mozilla_cc@internetdownloadmanager.com to C:\Users\pravin7may\AppData\Roaming\IDM\idmmzcc5
1410687568992	addons.xpi	INFO	Mapping fxdriver@googlecode.com to C:\Users\PRAVIN~1\AppData\Local\Temp\anonymous3721054663611233078webdriver-profile\extensions\fxdriver@googlecode.com
1410687568993	addons.xpi	DEBUG	Ignoring file entry whose name is not a valid add-on ID: C:\Users\PRAVIN~1\AppData\Local\Temp\anonymous3721054663611233078webdriver-profile\extensions\webdriver-staging
1410687568993	addons.xpi	DEBUG	checkForChanges
1410687569036	addons.xpi	DEBUG	No changes found
*** Blocklist::_preloadBlocklistFile: blocklist is disabled
JavaScript error: chrome://browser/content/urlbarBindings.xml, line 677: aUrl is undefined

Build info: version: &#039;2.41.0&#039;, revision: &#039;3192d8a&#039;, time: &#039;2014-03-27 17:17:32&#039;
System info: host: &#039;praveen&#039;, ip: &#039;192.168.2.2&#039;, os.name: &#039;Windows 8&#039;, os.arch: &#039;amd64&#039;, os.version: &#039;6.2&#039;, java.version: &#039;1.7.0_10&#039;
Driver info: driver.version: FirefoxDriver">
      <![CDATA[org.openqa.selenium.WebDriverException: Failed to connect to binary FirefoxBinary(C:\Program Files (x86)\Mozilla Firefox\firefox.exe) on port 7055; process output follows: 
ate [{"name":"app-global","addons":{"{972ce4c6-7e08-4474-a285-3208198ce6fd}":{"descriptor":"C:\\Program Files (x86)\\Mozilla Firefox\\browser\\extensions\\{972ce4c6-7e08-4474-a285-3208198ce6fd}","mtime":1410686223160,"rdfTime":1410686222504}}},{"name":"winreg-app-user","addons":{"mozilla_cc@internetdownloadmanager.com":{"descriptor":"C:\\Users\\pravin7may\\AppData\\Roaming\\IDM\\idmmzcc5","mtime":1392220725799,"rdfTime":1385874726467}}},{"name":"app-profile","addons":{"fxdriver@googlecode.com":{"descriptor":"C:\\Users\\PRAVIN~1\\AppData\\Local\\Temp\\anonymous3721054663611233078webdriver-profile\\extensions\\fxdriver@googlecode.com","mtime":1410687565302,"rdfTime":1410687565224}}}]
1410687565971	addons.xpi-utils	DEBUG	Opening XPI database C:\Users\PRAVIN~1\AppData\Local\Temp\anonymous3721054663611233078webdriver-profile\extensions.json
1410687565976	addons.xpi	DEBUG	New add-on fxdriver@googlecode.com installed in app-profile
*** Blocklist::_loadBlocklistFromFile: blocklist is disabled
1410687566141	addons.xpi-utils	DEBUG	Make addon app-profile:fxdriver@googlecode.com visible
1410687566147	DeferredSave.extensions.json	DEBUG	Save changes
1410687566148	DeferredSave.extensions.json	DEBUG	Save changes
1410687566149	addons.xpi	DEBUG	New add-on mozilla_cc@internetdownloadmanager.com installed in winreg-app-user
1410687566174	addons.xpi-utils	DEBUG	Make addon winreg-app-user:mozilla_cc@internetdownloadmanager.com visible
1410687566175	DeferredSave.extensions.json	DEBUG	Save changes
1410687566176	DeferredSave.extensions.json	DEBUG	Save changes
1410687566177	addons.xpi	DEBUG	New add-on {972ce4c6-7e08-4474-a285-3208198ce6fd} installed in app-global
1410687566186	addons.xpi-utils	DEBUG	Make addon app-global:{972ce4c6-7e08-4474-a285-3208198ce6fd} visible
1410687566186	DeferredSave.extensions.json	DEBUG	Save changes
1410687566187	DeferredSave.extensions.json	DEBUG	Save changes
1410687566245	addons.xpi	DEBUG	Updating database with changes to installed add-ons
1410687566245	addons.xpi-utils	DEBUG	Updating add-on states
1410687566250	addons.xpi-utils	DEBUG	Writing add-ons list
1410687567564	DeferredSave.extensions.json	DEBUG	Starting timer
1410687567630	addons.manager	DEBUG	shutdown
1410687567637	DeferredSave.extensions.json	DEBUG	Starting write
1410687567637	addons.xpi	DEBUG	shutdown
1410687567638	addons.xpi-utils	DEBUG	shutdown
1410687567783	DeferredSave.extensions.json	DEBUG	Write succeeded
1410687567783	addons.xpi-utils	DEBUG	XPI Database saved, setting schema version preference to 16
1410687567784	addons.xpi	DEBUG	Notifying XPI shutdown observers
1410687567790	addons.manager	DEBUG	Async provider shutdown done
1410687568978	addons.manager	DEBUG	Loaded provider scope for resource://gre/modules/addons/XPIProvider.jsm: ["XPIProvider"]
1410687568982	addons.manager	DEBUG	Loaded provider scope for resource://gre/modules/LightweightThemeManager.jsm: ["LightweightThemeManager"]
1410687568986	addons.xpi	DEBUG	startup
1410687568987	addons.xpi	DEBUG	Skipping unavailable install location app-system-local
1410687568988	addons.xpi	DEBUG	Skipping unavailable install location app-system-share
1410687568989	addons.xpi	INFO	Mapping {972ce4c6-7e08-4474-a285-3208198ce6fd} to C:\Program Files (x86)\Mozilla Firefox\browser\extensions\{972ce4c6-7e08-4474-a285-3208198ce6fd}
1410687568990	addons.xpi	INFO	Mapping mozilla_cc@internetdownloadmanager.com to C:\Users\pravin7may\AppData\Roaming\IDM\idmmzcc5
1410687568992	addons.xpi	INFO	Mapping fxdriver@googlecode.com to C:\Users\PRAVIN~1\AppData\Local\Temp\anonymous3721054663611233078webdriver-profile\extensions\fxdriver@googlecode.com
1410687568993	addons.xpi	DEBUG	Ignoring file entry whose name is not a valid add-on ID: C:\Users\PRAVIN~1\AppData\Local\Temp\anonymous3721054663611233078webdriver-profile\extensions\webdriver-staging
1410687568993	addons.xpi	DEBUG	checkForChanges
1410687569036	addons.xpi	DEBUG	No changes found
*** Blocklist::_preloadBlocklistFile: blocklist is disabled
JavaScript error: chrome://browser/content/urlbarBindings.xml, line 677: aUrl is undefined

Build info: version: '2.41.0', revision: '3192d8a', time: '2014-03-27 17:17:32'
System info: host: 'praveen', ip: '192.168.2.2', os.name: 'Windows 8', os.arch: 'amd64', os.version: '6.2', java.version: '1.7.0_10'
Driver info: driver.version: FirefoxDriver
	at org.openqa.selenium.firefox.internal.NewProfileExtensionConnection.start(NewProfileExtensionConnection.java:130)
	at org.openqa.selenium.firefox.FirefoxDriver.startClient(FirefoxDriver.java:246)
	at org.openqa.selenium.remote.RemoteWebDriver.<init>(RemoteWebDriver.java:114)
	at org.openqa.selenium.firefox.FirefoxDriver.<init>(FirefoxDriver.java:193)
	at org.openqa.selenium.firefox.FirefoxDriver.<init>(FirefoxDriver.java:186)
	at org.openqa.selenium.firefox.FirefoxDriver.<init>(FirefoxDriver.java:182)
	at org.openqa.selenium.firefox.FirefoxDriver.<init>(FirefoxDriver.java:99)
	at GlobalVariables.GlobalDecl.login(GlobalDecl.java:117)
	at course.C11_Add_Questions_QT.QTaddQuestions(C11_Add_Questions_QT.java:145)
	at sun.reflect.NativeMethodAccessorImpl.invoke0(Native Method)
	at sun.reflect.NativeMethodAccessorImpl.invoke(NativeMethodAccessorImpl.java:57)
	at sun.reflect.DelegatingMethodAccessorImpl.invoke(DelegatingMethodAccessorImpl.java:43)
	at java.lang.reflect.Method.invoke(Method.java:601)
	at org.testng.internal.MethodInvocationHelper.invokeMethod(MethodInvocationHelper.java:84)
	at org.testng.internal.Invoker.invokeMethod(Invoker.java:714)
	at org.testng.internal.Invoker.invokeTestMethod(Invoker.java:901)
	at org.testng.internal.Invoker.invokeTestMethods(Invoker.java:1231)
	at org.testng.internal.TestMethodWorker.invokeTestMethods(TestMethodWorker.java:127)
	at org.testng.internal.TestMethodWorker.run(TestMethodWorker.java:111)
	at org.testng.TestRunner.privateRun(TestRunner.java:767)
	at org.testng.TestRunner.run(TestRunner.java:617)
	at org.testng.SuiteRunner.runTest(SuiteRunner.java:335)
	at org.testng.SuiteRunner.runSequentially(SuiteRunner.java:330)
	at org.testng.SuiteRunner.privateRun(SuiteRunner.java:291)
	at org.testng.SuiteRunner.run(SuiteRunner.java:240)
	at org.testng.SuiteRunnerWorker.runSuite(SuiteRunnerWorker.java:52)
	at org.testng.SuiteRunnerWorker.run(SuiteRunnerWorker.java:86)
	at org.testng.TestNG.runSuitesSequentially(TestNG.java:1224)
	at org.testng.TestNG.runSuitesLocally(TestNG.java:1149)
	at org.testng.TestNG.run(TestNG.java:1057)
	at org.testng.remote.RemoteTestNG.run(RemoteTestNG.java:111)
	at org.testng.remote.RemoteTestNG.initAndRun(RemoteTestNG.java:204)
	at org.testng.remote.RemoteTestNG.main(RemoteTestNG.java:175)
Caused by: org.openqa.selenium.firefox.NotConnectedException: Unable to connect to host 127.0.0.1 on port 7055 after 45000 ms. Firefox console output:
ate [{"name":"app-global","addons":{"{972ce4c6-7e08-4474-a285-3208198ce6fd}":{"descriptor":"C:\\Program Files (x86)\\Mozilla Firefox\\browser\\extensions\\{972ce4c6-7e08-4474-a285-3208198ce6fd}","mtime":1410686223160,"rdfTime":1410686222504}}},{"name":"winreg-app-user","addons":{"mozilla_cc@internetdownloadmanager.com":{"descriptor":"C:\\Users\\pravin7may\\AppData\\Roaming\\IDM\\idmmzcc5","mtime":1392220725799,"rdfTime":1385874726467}}},{"name":"app-profile","addons":{"fxdriver@googlecode.com":{"descriptor":"C:\\Users\\PRAVIN~1\\AppData\\Local\\Temp\\anonymous3721054663611233078webdriver-profile\\extensions\\fxdriver@googlecode.com","mtime":1410687565302,"rdfTime":1410687565224}}}]
1410687565971	addons.xpi-utils	DEBUG	Opening XPI database C:\Users\PRAVIN~1\AppData\Local\Temp\anonymous3721054663611233078webdriver-profile\extensions.json
1410687565976	addons.xpi	DEBUG	New add-on fxdriver@googlecode.com installed in app-profile
*** Blocklist::_loadBlocklistFromFile: blocklist is disabled
1410687566141	addons.xpi-utils	DEBUG	Make addon app-profile:fxdriver@googlecode.com visible
1410687566147	DeferredSave.extensions.json	DEBUG	Save changes
1410687566148	DeferredSave.extensions.json	DEBUG	Save changes
1410687566149	addons.xpi	DEBUG	New add-on mozilla_cc@internetdownloadmanager.com installed in winreg-app-user
1410687566174	addons.xpi-utils	DEBUG	Make addon winreg-app-user:mozilla_cc@internetdownloadmanager.com visible
1410687566175	DeferredSave.extensions.json	DEBUG	Save changes
1410687566176	DeferredSave.extensions.json	DEBUG	Save changes
1410687566177	addons.xpi	DEBUG	New add-on {972ce4c6-7e08-4474-a285-3208198ce6fd} installed in app-global
1410687566186	addons.xpi-utils	DEBUG	Make addon app-global:{972ce4c6-7e08-4474-a285-3208198ce6fd} visible
1410687566186	DeferredSave.extensions.json	DEBUG	Save changes
1410687566187	DeferredSave.extensions.json	DEBUG	Save changes
1410687566245	addons.xpi	DEBUG	Updating database with changes to installed add-ons
1410687566245	addons.xpi-utils	DEBUG	Updating add-on states
1410687566250	addons.xpi-utils	DEBUG	Writing add-ons list
1410687567564	DeferredSave.extensions.json	DEBUG	Starting timer
1410687567630	addons.manager	DEBUG	shutdown
1410687567637	DeferredSave.extensions.json	DEBUG	Starting write
1410687567637	addons.xpi	DEBUG	shutdown
1410687567638	addons.xpi-utils	DEBUG	shutdown
1410687567783	DeferredSave.extensions.json	DEBUG	Write succeeded
1410687567783	addons.xpi-utils	DEBUG	XPI Database saved, setting schema version preference to 16
1410687567784	addons.xpi	DEBUG	Notifying XPI shutdown observers
1410687567790	addons.manager	DEBUG	Async provider shutdown done
1410687568978	addons.manager	DEBUG	Loaded provider scope for resource://gre/modules/addons/XPIProvider.jsm: ["XPIProvider"]
1410687568982	addons.manager	DEBUG	Loaded provider scope for resource://gre/modules/LightweightThemeManager.jsm: ["LightweightThemeManager"]
1410687568986	addons.xpi	DEBUG	startup
1410687568987	addons.xpi	DEBUG	Skipping unavailable install location app-system-local
1410687568988	addons.xpi	DEBUG	Skipping unavailable install location app-system-share
1410687568989	addons.xpi	INFO	Mapping {972ce4c6-7e08-4474-a285-3208198ce6fd} to C:\Program Files (x86)\Mozilla Firefox\browser\extensions\{972ce4c6-7e08-4474-a285-3208198ce6fd}
1410687568990	addons.xpi	INFO	Mapping mozilla_cc@internetdownloadmanager.com to C:\Users\pravin7may\AppData\Roaming\IDM\idmmzcc5
1410687568992	addons.xpi	INFO	Mapping fxdriver@googlecode.com to C:\Users\PRAVIN~1\AppData\Local\Temp\anonymous3721054663611233078webdriver-profile\extensions\fxdriver@googlecode.com
1410687568993	addons.xpi	DEBUG	Ignoring file entry whose name is not a valid add-on ID: C:\Users\PRAVIN~1\AppData\Local\Temp\anonymous3721054663611233078webdriver-profile\extensions\webdriver-staging
1410687568993	addons.xpi	DEBUG	checkForChanges
1410687569036	addons.xpi	DEBUG	No changes found
*** Blocklist::_preloadBlocklistFile: blocklist is disabled
JavaScript error: chrome://browser/content/urlbarBindings.xml, line 677: aUrl is undefined

	at org.openqa.selenium.firefox.internal.NewProfileExtensionConnection.start(NewProfileExtensionConnection.java:118)
	... 32 more
]]>
    </failure>
  </testcase> <!-- QTaddQuestions -->
</testsuite> <!-- course.C11_Add_Questions_QT -->
