<?xml version="1.0" encoding="UTF-8"?>
<!-- Generated by org.testng.reporters.JUnitReportReporter -->
<testsuite hostname="praveen" name="ERP.ERP_SchedulesAdd" tests="1" failures="0" timestamp="15 Aug 2014 17:29:52 GMT" time="18.300" errors="0">
  <testcase name="LOA" time="18.300" classname="ERP.ERP_SchedulesAdd"/>
</testsuite> <!-- ERP.ERP_SchedulesAdd -->
