<?xml version="1.0" encoding="UTF-8"?>
<!-- Generated by org.testng.reporters.JUnitReportReporter -->
<testsuite hostname="praveen" name="ERP.ERP_Add_All_Schedules" tests="1" failures="0" timestamp="17 Sep 2014 16:04:29 GMT" time="25.177" errors="0">
  <testcase name="LOAwork" time="25.177" classname="ERP.ERP_Add_All_Schedules"/>
</testsuite> <!-- ERP.ERP_Add_All_Schedules -->
