<?xml version="1.0" encoding="UTF-8"?>
<!-- Generated by org.testng.reporters.JUnitReportReporter -->
<testsuite hostname="praveen" name="ERP.ERP_Add_All_Materials" tests="1" failures="1" timestamp="14 Sep 2014 09:39:04 GMT" time="0.000" errors="0">
  <testcase name="LOA" time="0.000" classname="ERP.ERP_Add_All_Materials">
    <failure type="org.openqa.selenium.WebDriverException" message="Failed to connect to binary FirefoxBinary(C:\Program Files (x86)\Mozilla Firefox\firefox.exe) on port 7055; process output follows: 
,&quot;rdfTime&quot;:1410686222504}}},{&quot;name&quot;:&quot;winreg-app-user&quot;,&quot;addons&quot;:{&quot;mozilla_cc@internetdownloadmanager.com&quot;:{&quot;descriptor&quot;:&quot;C:\\Users\\pravin7may\\AppData\\Roaming\\IDM\\idmmzcc5&quot;,&quot;mtime&quot;:1392220725799,&quot;rdfTime&quot;:1385874726467}}},{&quot;name&quot;:&quot;app-profile&quot;,&quot;addons&quot;:{&quot;fxdriver@googlecode.com&quot;:{&quot;descriptor&quot;:&quot;C:\\Users\\PRAVIN~1\\AppData\\Local\\Temp\\anonymous1324044581066027818webdriver-profile\\extensions\\fxdriver@googlecode.com&quot;,&quot;mtime&quot;:1410687494494,&quot;rdfTime&quot;:1410687494416}}}]
1410687495348	addons.xpi-utils	DEBUG	Opening XPI database C:\Users\PRAVIN~1\AppData\Local\Temp\anonymous1324044581066027818webdriver-profile\extensions.json
1410687495353	addons.xpi	DEBUG	New add-on fxdriver@googlecode.com installed in app-profile
*** Blocklist::_loadBlocklistFromFile: blocklist is disabled
1410687495696	addons.xpi-utils	DEBUG	Make addon app-profile:fxdriver@googlecode.com visible
1410687495701	DeferredSave.extensions.json	DEBUG	Save changes
1410687495702	DeferredSave.extensions.json	DEBUG	Save changes
1410687495703	addons.xpi	DEBUG	New add-on mozilla_cc@internetdownloadmanager.com installed in winreg-app-user
1410687495738	addons.xpi-utils	DEBUG	Make addon winreg-app-user:mozilla_cc@internetdownloadmanager.com visible
1410687495739	DeferredSave.extensions.json	DEBUG	Save changes
1410687495739	DeferredSave.extensions.json	DEBUG	Save changes
1410687495739	addons.xpi	DEBUG	New add-on {972ce4c6-7e08-4474-a285-3208198ce6fd} installed in app-global
1410687495751	addons.xpi-utils	DEBUG	Make addon app-global:{972ce4c6-7e08-4474-a285-3208198ce6fd} visible
1410687495752	DeferredSave.extensions.json	DEBUG	Save changes
1410687495752	DeferredSave.extensions.json	DEBUG	Save changes
1410687495825	addons.xpi	DEBUG	Updating database with changes to installed add-ons
1410687495825	addons.xpi-utils	DEBUG	Updating add-on states
1410687495833	addons.xpi-utils	DEBUG	Writing add-ons list
1410687497180	DeferredSave.extensions.json	DEBUG	Starting timer
1410687497203	DeferredSave.extensions.json	DEBUG	Starting write
1410687497282	addons.manager	DEBUG	shutdown
1410687497291	addons.xpi	DEBUG	shutdown
1410687497292	addons.xpi-utils	DEBUG	shutdown
1410687497398	DeferredSave.extensions.json	DEBUG	Write succeeded
1410687497398	addons.xpi-utils	DEBUG	XPI Database saved, setting schema version preference to 16
1410687497399	addons.xpi	DEBUG	Notifying XPI shutdown observers
1410687497405	addons.manager	DEBUG	Async provider shutdown done
1410687498605	addons.manager	DEBUG	Loaded provider scope for resource://gre/modules/addons/XPIProvider.jsm: [&quot;XPIProvider&quot;]
1410687498608	addons.manager	DEBUG	Loaded provider scope for resource://gre/modules/LightweightThemeManager.jsm: [&quot;LightweightThemeManager&quot;]
1410687498613	addons.xpi	DEBUG	startup
1410687498614	addons.xpi	DEBUG	Skipping unavailable install location app-system-local
1410687498615	addons.xpi	DEBUG	Skipping unavailable install location app-system-share
1410687498617	addons.xpi	INFO	Mapping {972ce4c6-7e08-4474-a285-3208198ce6fd} to C:\Program Files (x86)\Mozilla Firefox\browser\extensions\{972ce4c6-7e08-4474-a285-3208198ce6fd}
1410687498618	addons.xpi	INFO	Mapping mozilla_cc@internetdownloadmanager.com to C:\Users\pravin7may\AppData\Roaming\IDM\idmmzcc5
1410687498620	addons.xpi	INFO	Mapping fxdriver@googlecode.com to C:\Users\PRAVIN~1\AppData\Local\Temp\anonymous1324044581066027818webdriver-profile\extensions\fxdriver@googlecode.com
1410687498620	addons.xpi	DEBUG	Ignoring file entry whose name is not a valid add-on ID: C:\Users\PRAVIN~1\AppData\Local\Temp\anonymous1324044581066027818webdriver-profile\extensions\webdriver-staging
1410687498621	addons.xpi	DEBUG	checkForChanges
1410687498669	addons.xpi	DEBUG	No changes found
*** Blocklist::_preloadBlocklistFile: blocklist is disabled
JavaScript error: chrome://browser/content/urlbarBindings.xml, line 677: aUrl is undefined
1410687539058	addons.manager	DEBUG	shutdown
1410687539077	addons.xpi	DEBUG	shutdown
1410687539078	addons.xpi	DEBUG	Notifying XPI shutdown observers
1410687539094	addons.manager	DEBUG	Async provider shutdown done

Build info: version: &#039;2.41.0&#039;, revision: &#039;3192d8a&#039;, time: &#039;2014-03-27 17:17:32&#039;
System info: host: &#039;praveen&#039;, ip: &#039;192.168.2.2&#039;, os.name: &#039;Windows 8&#039;, os.arch: &#039;amd64&#039;, os.version: &#039;6.2&#039;, java.version: &#039;1.7.0_10&#039;
Driver info: driver.version: FirefoxDriver">
      <![CDATA[org.openqa.selenium.WebDriverException: Failed to connect to binary FirefoxBinary(C:\Program Files (x86)\Mozilla Firefox\firefox.exe) on port 7055; process output follows: 
,"rdfTime":1410686222504}}},{"name":"winreg-app-user","addons":{"mozilla_cc@internetdownloadmanager.com":{"descriptor":"C:\\Users\\pravin7may\\AppData\\Roaming\\IDM\\idmmzcc5","mtime":1392220725799,"rdfTime":1385874726467}}},{"name":"app-profile","addons":{"fxdriver@googlecode.com":{"descriptor":"C:\\Users\\PRAVIN~1\\AppData\\Local\\Temp\\anonymous1324044581066027818webdriver-profile\\extensions\\fxdriver@googlecode.com","mtime":1410687494494,"rdfTime":1410687494416}}}]
1410687495348	addons.xpi-utils	DEBUG	Opening XPI database C:\Users\PRAVIN~1\AppData\Local\Temp\anonymous1324044581066027818webdriver-profile\extensions.json
1410687495353	addons.xpi	DEBUG	New add-on fxdriver@googlecode.com installed in app-profile
*** Blocklist::_loadBlocklistFromFile: blocklist is disabled
1410687495696	addons.xpi-utils	DEBUG	Make addon app-profile:fxdriver@googlecode.com visible
1410687495701	DeferredSave.extensions.json	DEBUG	Save changes
1410687495702	DeferredSave.extensions.json	DEBUG	Save changes
1410687495703	addons.xpi	DEBUG	New add-on mozilla_cc@internetdownloadmanager.com installed in winreg-app-user
1410687495738	addons.xpi-utils	DEBUG	Make addon winreg-app-user:mozilla_cc@internetdownloadmanager.com visible
1410687495739	DeferredSave.extensions.json	DEBUG	Save changes
1410687495739	DeferredSave.extensions.json	DEBUG	Save changes
1410687495739	addons.xpi	DEBUG	New add-on {972ce4c6-7e08-4474-a285-3208198ce6fd} installed in app-global
1410687495751	addons.xpi-utils	DEBUG	Make addon app-global:{972ce4c6-7e08-4474-a285-3208198ce6fd} visible
1410687495752	DeferredSave.extensions.json	DEBUG	Save changes
1410687495752	DeferredSave.extensions.json	DEBUG	Save changes
1410687495825	addons.xpi	DEBUG	Updating database with changes to installed add-ons
1410687495825	addons.xpi-utils	DEBUG	Updating add-on states
1410687495833	addons.xpi-utils	DEBUG	Writing add-ons list
1410687497180	DeferredSave.extensions.json	DEBUG	Starting timer
1410687497203	DeferredSave.extensions.json	DEBUG	Starting write
1410687497282	addons.manager	DEBUG	shutdown
1410687497291	addons.xpi	DEBUG	shutdown
1410687497292	addons.xpi-utils	DEBUG	shutdown
1410687497398	DeferredSave.extensions.json	DEBUG	Write succeeded
1410687497398	addons.xpi-utils	DEBUG	XPI Database saved, setting schema version preference to 16
1410687497399	addons.xpi	DEBUG	Notifying XPI shutdown observers
1410687497405	addons.manager	DEBUG	Async provider shutdown done
1410687498605	addons.manager	DEBUG	Loaded provider scope for resource://gre/modules/addons/XPIProvider.jsm: ["XPIProvider"]
1410687498608	addons.manager	DEBUG	Loaded provider scope for resource://gre/modules/LightweightThemeManager.jsm: ["LightweightThemeManager"]
1410687498613	addons.xpi	DEBUG	startup
1410687498614	addons.xpi	DEBUG	Skipping unavailable install location app-system-local
1410687498615	addons.xpi	DEBUG	Skipping unavailable install location app-system-share
1410687498617	addons.xpi	INFO	Mapping {972ce4c6-7e08-4474-a285-3208198ce6fd} to C:\Program Files (x86)\Mozilla Firefox\browser\extensions\{972ce4c6-7e08-4474-a285-3208198ce6fd}
1410687498618	addons.xpi	INFO	Mapping mozilla_cc@internetdownloadmanager.com to C:\Users\pravin7may\AppData\Roaming\IDM\idmmzcc5
1410687498620	addons.xpi	INFO	Mapping fxdriver@googlecode.com to C:\Users\PRAVIN~1\AppData\Local\Temp\anonymous1324044581066027818webdriver-profile\extensions\fxdriver@googlecode.com
1410687498620	addons.xpi	DEBUG	Ignoring file entry whose name is not a valid add-on ID: C:\Users\PRAVIN~1\AppData\Local\Temp\anonymous1324044581066027818webdriver-profile\extensions\webdriver-staging
1410687498621	addons.xpi	DEBUG	checkForChanges
1410687498669	addons.xpi	DEBUG	No changes found
*** Blocklist::_preloadBlocklistFile: blocklist is disabled
JavaScript error: chrome://browser/content/urlbarBindings.xml, line 677: aUrl is undefined
1410687539058	addons.manager	DEBUG	shutdown
1410687539077	addons.xpi	DEBUG	shutdown
1410687539078	addons.xpi	DEBUG	Notifying XPI shutdown observers
1410687539094	addons.manager	DEBUG	Async provider shutdown done

Build info: version: '2.41.0', revision: '3192d8a', time: '2014-03-27 17:17:32'
System info: host: 'praveen', ip: '192.168.2.2', os.name: 'Windows 8', os.arch: 'amd64', os.version: '6.2', java.version: '1.7.0_10'
Driver info: driver.version: FirefoxDriver
	at org.openqa.selenium.firefox.internal.NewProfileExtensionConnection.start(NewProfileExtensionConnection.java:130)
	at org.openqa.selenium.firefox.FirefoxDriver.startClient(FirefoxDriver.java:246)
	at org.openqa.selenium.remote.RemoteWebDriver.<init>(RemoteWebDriver.java:114)
	at org.openqa.selenium.firefox.FirefoxDriver.<init>(FirefoxDriver.java:193)
	at org.openqa.selenium.firefox.FirefoxDriver.<init>(FirefoxDriver.java:186)
	at org.openqa.selenium.firefox.FirefoxDriver.<init>(FirefoxDriver.java:182)
	at org.openqa.selenium.firefox.FirefoxDriver.<init>(FirefoxDriver.java:99)
	at ERP.ERP_Add_All_Materials.beforetest(ERP_Add_All_Materials.java:41)
	at sun.reflect.NativeMethodAccessorImpl.invoke0(Native Method)
	at sun.reflect.NativeMethodAccessorImpl.invoke(NativeMethodAccessorImpl.java:57)
	at sun.reflect.DelegatingMethodAccessorImpl.invoke(DelegatingMethodAccessorImpl.java:43)
	at java.lang.reflect.Method.invoke(Method.java:601)
	at org.testng.internal.MethodInvocationHelper.invokeMethod(MethodInvocationHelper.java:84)
	at org.testng.internal.Invoker.invokeConfigurationMethod(Invoker.java:564)
	at org.testng.internal.Invoker.invokeConfigurations(Invoker.java:213)
	at org.testng.internal.Invoker.invokeConfigurations(Invoker.java:138)
	at org.testng.TestRunner.beforeRun(TestRunner.java:641)
	at org.testng.TestRunner.run(TestRunner.java:609)
	at org.testng.SuiteRunner.runTest(SuiteRunner.java:335)
	at org.testng.SuiteRunner.runSequentially(SuiteRunner.java:330)
	at org.testng.SuiteRunner.privateRun(SuiteRunner.java:291)
	at org.testng.SuiteRunner.run(SuiteRunner.java:240)
	at org.testng.SuiteRunnerWorker.runSuite(SuiteRunnerWorker.java:52)
	at org.testng.SuiteRunnerWorker.run(SuiteRunnerWorker.java:86)
	at org.testng.TestNG.runSuitesSequentially(TestNG.java:1224)
	at org.testng.TestNG.runSuitesLocally(TestNG.java:1149)
	at org.testng.TestNG.run(TestNG.java:1057)
	at org.testng.remote.RemoteTestNG.run(RemoteTestNG.java:111)
	at org.testng.remote.RemoteTestNG.initAndRun(RemoteTestNG.java:204)
	at org.testng.remote.RemoteTestNG.main(RemoteTestNG.java:175)
Caused by: org.openqa.selenium.firefox.NotConnectedException: Unable to connect to host 127.0.0.1 on port 7055 after 45000 ms. Firefox console output:
,"rdfTime":1410686222504}}},{"name":"winreg-app-user","addons":{"mozilla_cc@internetdownloadmanager.com":{"descriptor":"C:\\Users\\pravin7may\\AppData\\Roaming\\IDM\\idmmzcc5","mtime":1392220725799,"rdfTime":1385874726467}}},{"name":"app-profile","addons":{"fxdriver@googlecode.com":{"descriptor":"C:\\Users\\PRAVIN~1\\AppData\\Local\\Temp\\anonymous1324044581066027818webdriver-profile\\extensions\\fxdriver@googlecode.com","mtime":1410687494494,"rdfTime":1410687494416}}}]
1410687495348	addons.xpi-utils	DEBUG	Opening XPI database C:\Users\PRAVIN~1\AppData\Local\Temp\anonymous1324044581066027818webdriver-profile\extensions.json
1410687495353	addons.xpi	DEBUG	New add-on fxdriver@googlecode.com installed in app-profile
*** Blocklist::_loadBlocklistFromFile: blocklist is disabled
1410687495696	addons.xpi-utils	DEBUG	Make addon app-profile:fxdriver@googlecode.com visible
1410687495701	DeferredSave.extensions.json	DEBUG	Save changes
1410687495702	DeferredSave.extensions.json	DEBUG	Save changes
1410687495703	addons.xpi	DEBUG	New add-on mozilla_cc@internetdownloadmanager.com installed in winreg-app-user
1410687495738	addons.xpi-utils	DEBUG	Make addon winreg-app-user:mozilla_cc@internetdownloadmanager.com visible
1410687495739	DeferredSave.extensions.json	DEBUG	Save changes
1410687495739	DeferredSave.extensions.json	DEBUG	Save changes
1410687495739	addons.xpi	DEBUG	New add-on {972ce4c6-7e08-4474-a285-3208198ce6fd} installed in app-global
1410687495751	addons.xpi-utils	DEBUG	Make addon app-global:{972ce4c6-7e08-4474-a285-3208198ce6fd} visible
1410687495752	DeferredSave.extensions.json	DEBUG	Save changes
1410687495752	DeferredSave.extensions.json	DEBUG	Save changes
1410687495825	addons.xpi	DEBUG	Updating database with changes to installed add-ons
1410687495825	addons.xpi-utils	DEBUG	Updating add-on states
1410687495833	addons.xpi-utils	DEBUG	Writing add-ons list
1410687497180	DeferredSave.extensions.json	DEBUG	Starting timer
1410687497203	DeferredSave.extensions.json	DEBUG	Starting write
1410687497282	addons.manager	DEBUG	shutdown
1410687497291	addons.xpi	DEBUG	shutdown
1410687497292	addons.xpi-utils	DEBUG	shutdown
1410687497398	DeferredSave.extensions.json	DEBUG	Write succeeded
1410687497398	addons.xpi-utils	DEBUG	XPI Database saved, setting schema version preference to 16
1410687497399	addons.xpi	DEBUG	Notifying XPI shutdown observers
1410687497405	addons.manager	DEBUG	Async provider shutdown done
1410687498605	addons.manager	DEBUG	Loaded provider scope for resource://gre/modules/addons/XPIProvider.jsm: ["XPIProvider"]
1410687498608	addons.manager	DEBUG	Loaded provider scope for resource://gre/modules/LightweightThemeManager.jsm: ["LightweightThemeManager"]
1410687498613	addons.xpi	DEBUG	startup
1410687498614	addons.xpi	DEBUG	Skipping unavailable install location app-system-local
1410687498615	addons.xpi	DEBUG	Skipping unavailable install location app-system-share
1410687498617	addons.xpi	INFO	Mapping {972ce4c6-7e08-4474-a285-3208198ce6fd} to C:\Program Files (x86)\Mozilla Firefox\browser\extensions\{972ce4c6-7e08-4474-a285-3208198ce6fd}
1410687498618	addons.xpi	INFO	Mapping mozilla_cc@internetdownloadmanager.com to C:\Users\pravin7may\AppData\Roaming\IDM\idmmzcc5
1410687498620	addons.xpi	INFO	Mapping fxdriver@googlecode.com to C:\Users\PRAVIN~1\AppData\Local\Temp\anonymous1324044581066027818webdriver-profile\extensions\fxdriver@googlecode.com
1410687498620	addons.xpi	DEBUG	Ignoring file entry whose name is not a valid add-on ID: C:\Users\PRAVIN~1\AppData\Local\Temp\anonymous1324044581066027818webdriver-profile\extensions\webdriver-staging
1410687498621	addons.xpi	DEBUG	checkForChanges
1410687498669	addons.xpi	DEBUG	No changes found
*** Blocklist::_preloadBlocklistFile: blocklist is disabled
JavaScript error: chrome://browser/content/urlbarBindings.xml, line 677: aUrl is undefined
1410687539058	addons.manager	DEBUG	shutdown
1410687539077	addons.xpi	DEBUG	shutdown
1410687539078	addons.xpi	DEBUG	Notifying XPI shutdown observers
1410687539094	addons.manager	DEBUG	Async provider shutdown done

	at org.openqa.selenium.firefox.internal.NewProfileExtensionConnection.start(NewProfileExtensionConnection.java:118)
	... 29 more
]]>
    </failure>
  </testcase> <!-- LOA -->
</testsuite> <!-- ERP.ERP_Add_All_Materials -->
